<?xml version="1.0" encoding="UTF-8"?>
<testng-results ignored="0" total="1" passed="1" failed="0" skipped="0">
  <reporter-output>
  </reporter-output>
  <suite started-at="2021-10-22T14:05:56 IST" name="Default suite" finished-at="2021-10-22T14:05:56 IST" duration-ms="72">
    <groups>
    </groups>
    <test started-at="2021-10-22T14:05:56 IST" name="Default test" finished-at="2021-10-22T14:05:56 IST" duration-ms="72">
      <class name="package1.Class1">
        <test-method signature="test1()[pri:0, instance:package1.Class1@3246fb96]" started-at="2021-10-22T14:05:56 IST" name="test1" finished-at="2021-10-22T14:05:56 IST" duration-ms="10" status="PASS">
          <reporter-output>
          </reporter-output>
        </test-method> <!-- test1 -->
      </class> <!-- package1.Class1 -->
    </test> <!-- Default test -->
  </suite> <!-- Default suite -->
</testng-results>
